Arguments: 
  C:\Program Files\nodejs\node.exe C:\Program Files (x86)\Yarn\bin\yarn.js start fling

PATH: 
  C:\Program Files\Oculus\Support\oculus-runtime;C:\Program Files\Microsoft MPI\Bin\;C:\Windows\system32;C:\Windows;C:\Windows\System32\Wbem;C:\Windows\System32\WindowsPowerShell\v1.0\;C:\Program Files (x86)\Microsoft SQL Server\Client SDK\ODBC\130\Tools\Binn\;C:\Program Files (x86)\Microsoft SQL Server\140\Tools\Binn\;C:\Program Files (x86)\Microsoft SQL Server\140\DTS\Binn\;C:\Program Files (x86)\Microsoft SQL Server\140\Tools\Binn\ManagementStudio\;C:\Program Files\Microsoft SQL Server\140\Tools\Binn\;C:\Program Files\Microsoft SQL Server\140\DTS\Binn\;C:\Program Files\Microsoft SQL Server\Client SDK\ODBC\130\Tools\Binn\;C:\Program Files\dotnet\;C:\Program Files\Microsoft SQL Server\130\Tools\Binn\;C:\Program Files\MySQL\MySQL Utilities 1.6\;C:\Program Files (x86)\Yarn\bin\;C:\WINDOWS\system32;C:\WINDOWS;C:\WINDOWS\System32\Wbem;C:\WINDOWS\System32\WindowsPowerShell\v1.0\;C:\WINDOWS\System32\OpenSSH\;C:\Program Files\nodejs\;C:\Program Files (x86)\NVIDIA Corporation\PhysX\Common;C:\Program Files\NVIDIA Corporation\NVIDIA NvDLISR;C:\Program Files\Amazon\AWSCLI\bin\;C:\WINDOWS\system32;C:\WINDOWS;C:\WINDOWS\System32\Wbem;C:\WINDOWS\System32\WindowsPowerShell\v1.0\;C:\WINDOWS\System32\OpenSSH\;C:\Program Files\Process Lasso\;C:\Program Files (x86)\Microsoft SQL Server\150\DTS\Binn\;C:\Program Files\Amazon\AWSCLIV2DevPreview\;C:\Program Files\Git\cmd;C:\Users\Stevie\.windows-build-tools\python27\;C:\Users\Stevie\AppData\Roaming\npm\node_modules\npm\node_modules\npm-lifecycle\node-gyp-bin;C:\Users\Stevie\AppData\Roaming\npm\node_modules\windows-build-tools\node_modules\.bin;C:\Users\Stevie\AppData\Roaming\npm\node_modules\.bin;C:\Program Files\Oculus\Support\oculus-runtime;C:\Program Files\Microsoft MPI\Bin\;C:\Windows\system32;C:\Windows;C:\Windows\System32\Wbem;C:\Windows\System32\WindowsPowerShell\v1.0\;C:\Program Files (x86)\Microsoft SQL Server\Client SDK\ODBC\130\Tools\Binn\;C:\Program Files (x86)\Microsoft SQL Server\140\Tools\Binn\;C:\Program Files (x86)\Microsoft SQL Server\140\DTS\Binn\;C:\Program Files (x86)\Microsoft SQL Server\140\Tools\Binn\ManagementStudio\;C:\Program Files\Microsoft SQL Server\140\Tools\Binn\;C:\Program Files\Microsoft SQL Server\140\DTS\Binn\;C:\Program Files\Microsoft SQL Server\Client SDK\ODBC\130\Tools\Binn\;C:\Program Files\dotnet\;C:\Program Files\Microsoft SQL Server\130\Tools\Binn\;C:\Program Files\MySQL\MySQL Utilities 1.6\;C:\Program Files (x86)\Yarn\bin\;C:\WINDOWS\system32;C:\WINDOWS;C:\WINDOWS\System32\Wbem;C:\WINDOWS\System32\WindowsPowerShell\v1.0\;C:\WINDOWS\System32\OpenSSH\;C:\Program Files\nodejs\;C:\Program Files (x86)\NVIDIA Corporation\PhysX\Common;C:\Program Files\NVIDIA Corporation\NVIDIA NvDLISR;C:\Program Files\Git\cmd;C:\Program Files\TortoiseHg\;C:\Users\Stevie\AppData\Local\Microsoft\WindowsApps;C:\Program Files\Microsoft VS Code\bin;C:\Users\Stevie\AppData\Local\GitHubDesktop\bin;C:\Users\Stevie\AppData\Local\Yarn\bin;C:\Users\Stevie\AppData\Local\Programs\Microsoft VS Code\bin;C:\Users\Stevie\AppData\Roaming\npm;C:\dev\Speedy-Snail-Game-Engine\src-tools\SoundBuilder\ffmpeg\bin;C:\dev\Speedy-Snail-Game-Engine\electron\butler;C:\cygwin64\bin;C:\Users\Stevie\AppData\Local\now-cli;%USERPROFILE%\AppData\Local\Microsoft\WindowsApps;

Yarn version: 
  1.5.1

Node version: 
  10.13.0

Platform: 
  win32 x64

npm manifest: 
  {
    "name": "soundbuilder3",
    "version": "0.0.3",
    "description": "Convert sounds from wav to something internet playable",
    "main": "index.js",
    "scripts": {
      "start-bad": "tsc index.ts && node index.js",
      "start": "setx path \"%path%;C:\\dev2019\\raz\\games\\sounds-builder\\ffmpeg\\bin\" &  ts-node index.ts",
      "dev": "ts-node-dev index.ts hello=dev",
      "test": "echo \"Error: no test specified\" && exit 1"
    },
    "author": "",
    "license": "UNLICENSED",
    "bin": {
      "soundsbuilder": "./index.ts"
    },
    "dependencies": {
      "@types/lodash": "^4.14.118",
      "@types/node": "^10.12.12",
      "audiosprite": "^0.7.1",
      "chalk": "^2.4.1",
      "chokidar": "^1.7.0",
      "co": "^4.6.0",
      "co-prompt": "^1.0.0",
      "commander": "^2.19.0",
      "jsonfile": "^3.0.1",
      "lodash": "^4.17.11",
      "ts-node": "^3.3.0",
      "typescript": "^2.4.2"
    }
  }

yarn manifest: 
  No manifest

Lockfile: 
  No lockfile

Trace: 
  Error: Command failed.
  Exit code: 1
  Command: C:\WINDOWS\system32\cmd.exe
  Arguments: /d /s /c setx path "%path%;C:\dev2019\raz\games\sounds-builder\ffmpeg\bin" &  ts-node index.ts fling
  Directory: C:\dev2019\raz\games\sounds-builder
  Output:
  
      at ProcessTermError.MessageError (C:\Program Files (x86)\Yarn\lib\cli.js:186:110)
      at new ProcessTermError (C:\Program Files (x86)\Yarn\lib\cli.js:226:113)
      at ChildProcess.<anonymous> (C:\Program Files (x86)\Yarn\lib\cli.js:30281:17)
      at ChildProcess.emit (events.js:182:13)
      at maybeClose (internal/child_process.js:962:16)
      at Process.ChildProcess._handle.onexit (internal/child_process.js:251:5)
